<?xml version="1.0" encoding="UTF-8"?>
<!-- Generated by org.testng.reporters.JUnitReportReporter -->
<testsuite skipped="0" hostname="lenovo-PC" name="com.naukari.Page.AppTest" tests="1" failures="0" timestamp="23 Jun 2020 05:28:14 GMT" time="0.001" errors="0">
  <testcase name="testApp" time="0.001" classname="com.naukari.Page.AppTest"/>
</testsuite> <!-- com.naukari.Page.AppTest -->
