<?xml version="1.0" encoding="UTF-8"?>
<!-- Generated by org.testng.reporters.JUnitReportReporter -->
<testsuite skipped="0" hostname="lenovo-PC" name="com.naukari.Test.LoginTest" tests="1" failures="0" timestamp="11 Jun 2020 09:25:22 GMT" time="60.478" errors="0">
  <testcase name="login" time="60.478" classname="com.naukari.Test.LoginTest"/>
</testsuite> <!-- com.naukari.Test.LoginTest -->
